<?xml version="1.0" encoding="UTF-8"?>
<!-- Generated by org.testng.reporters.JUnitXMLReporter -->
<testsuite hostname="Muthukumar" ignored="2" name="Default test" tests="1" failures="0" timestamp="17 Jul 2020 14:18:44 GMT" time="35.893" errors="0">
  <testcase name="TestCaseOne" time="22.552" classname="Test.com.muthuAltimetrik.TestCaseOne"/>
  <testcase name="TestCaseTwo" time="0.0" classname="Test.com.muthuAltimetrik.TestCaseOne">
    <ignored/>
  </testcase> <!-- TestCaseTwo -->
  <testcase name="TestCaseThree" time="0.0" classname="Test.com.muthuAltimetrik.TestCaseOne">
    <ignored/>
  </testcase> <!-- TestCaseThree -->
</testsuite> <!-- Default test -->
