<?xml version="1.0" encoding="UTF-8"?>
<!-- Generated by org.testng.reporters.JUnitXMLReporter -->
<testsuite hostname="Muthukumar" ignored="1" name="Default test" tests="2" failures="0" timestamp="18 Jul 2020 05:59:40 GMT" time="88.88" errors="0">
  <testcase name="TestCaseOne" time="74.102" classname="Test.com.muthuAltimetrik.TestCaseOne"/>
  <testcase name="TestCaseTwo" time="0.501" classname="Test.com.muthuAltimetrik.TestCaseOne"/>
  <testcase name="TestCaseThree" time="0.0" classname="Test.com.muthuAltimetrik.TestCaseOne">
    <ignored/>
  </testcase> <!-- TestCaseThree -->
</testsuite> <!-- Default test -->
