<?xml version="1.0" encoding="UTF-8"?>
<!-- Generated by org.testng.reporters.JUnitXMLReporter -->
<testsuite hostname="Muthukumar" ignored="1" name="Amazon" tests="3" failures="0" timestamp="18 Jul 2020 06:01:32 GMT" time="68.441" errors="0">
  <testcase name="TestCaseOne" time="31.261" classname="Test.com.muthuAltimetrik.TestCaseOne"/>
  <testcase name="Books" time="5.668" classname="Test.com.muthuAltimetrik.TestCaseTwo"/>
  <testcase name="TestCaseTwo" time="0.536" classname="Test.com.muthuAltimetrik.TestCaseOne"/>
  <testcase name="TestCaseThree" time="0.0" classname="Test.com.muthuAltimetrik.TestCaseOne">
    <ignored/>
  </testcase> <!-- TestCaseThree -->
</testsuite> <!-- Amazon -->
