<?xml version="1.0" encoding="UTF-8"?>
<!-- Generated by org.testng.reporters.JUnitXMLReporter -->
<testsuite hostname="Muthukumar" ignored="0" name="hai" tests="4" failures="0" timestamp="17 Jul 2020 14:23:59 GMT" time="81.3" errors="0">
  <testcase name="Books" time="10.721" classname="Test.com.muthuAltimetrik.TestCaseTwo"/>
  <testcase name="TestCaseOne" time="35.039" classname="Test.com.muthuAltimetrik.TestCaseOne"/>
  <testcase name="TestCaseTwo" time="0.764" classname="Test.com.muthuAltimetrik.TestCaseOne"/>
  <testcase name="TestCaseThree" time="12.18" classname="Test.com.muthuAltimetrik.TestCaseOne"/>
</testsuite> <!-- hai -->
