<?xml version="1.0" encoding="UTF-8"?>
<testng-results skipped="0" failed="0" ignored="0" total="1" passed="1">
  <reporter-output>
  </reporter-output>
  <suite name="Suite" duration-ms="29181" started-at="2020-04-27T14:19:57Z" finished-at="2020-04-27T14:20:26Z">
    <groups>
    </groups>
    <test name="hai" duration-ms="29181" started-at="2020-04-27T14:19:57Z" finished-at="2020-04-27T14:20:26Z">
      <class name="Test.com.muthuAltimetrik.TestCaseOne">
        <test-method status="PASS" signature="LaunchDriver()[pri:0, instance:Test.com.muthuAltimetrik.TestCaseOne@2c9f9fb0]" name="LaunchDriver" is-config="true" duration-ms="10075" started-at="2020-04-27T14:19:57Z" finished-at="2020-04-27T14:20:07Z">
          <reporter-output>
          </reporter-output>
        </test-method> <!-- LaunchDriver -->
        <test-method status="PASS" signature="TestCaseOne()[pri:0, instance:Test.com.muthuAltimetrik.TestCaseOne@2c9f9fb0]" name="TestCaseOne" duration-ms="18247" started-at="2020-04-27T14:20:07Z" finished-at="2020-04-27T14:20:25Z">
          <reporter-output>
          </reporter-output>
        </test-method> <!-- TestCaseOne -->
        <test-method status="PASS" signature="QuitDriver()[pri:0, instance:Test.com.muthuAltimetrik.TestCaseOne@2c9f9fb0]" name="QuitDriver" is-config="true" duration-ms="831" started-at="2020-04-27T14:20:25Z" finished-at="2020-04-27T14:20:26Z">
          <reporter-output>
          </reporter-output>
        </test-method> <!-- QuitDriver -->
      </class> <!-- Test.com.muthuAltimetrik.TestCaseOne -->
    </test> <!-- hai -->
  </suite> <!-- Suite -->
</testng-results>
